pract_9/app/build/intermediates/manifest_merge_blame_file/debug/processDebugMainManifest/manifest-merger-blame-debug-report.txt
1<?xml version="1.0" encoding="utf-8"?>
2<manifest xmlns:android="http://schemas.android.com/apk/res/android"
3    package="com.example.pract_9"
4    android:versionCode="1"
5    android:versionName="1.0" >
6
7    <uses-sdk
8        android:minSdkVersion="26"
9        android:targetSdkVersion="36" />
10
11    <uses-permission android:name="android.permission.POST_NOTIFICATIONS" />
11-->src\main\AndroidManifest.xml:4:5-76
11-->src\main\AndroidManifest.xml:4:22-74
12    <uses-permission android:name="android.permission.FOREGROUND_SERVICE" />
12-->src\main\AndroidManifest.xml:5:5-76
12-->src\main\AndroidManifest.xml:5:22-74
13    <uses-permission android:name="android.permission.FOREGROUND_SERVICE_DATA_SYNC" />
13-->src\main\AndroidManifest.xml:6:5-86
13-->src\main\AndroidManifest.xml:6:22-84
14    <uses-permission android:name="android.permission.WAKE_LOCK" />
14-->[androidx.work:work-runtime:2.11.1] AndroidManifest.xml:23:5-68
14-->[androidx.work:work-runtime:2.11.1] AndroidManifest.xml:23:22-65
15    <uses-permission android:name="android.permission.ACCESS_NETWORK_STATE" />
15-->[androidx.work:work-runtime:2.11.1] AndroidManifest.xml:24:5-79
15-->[androidx.work:work-runtime:2.11.1] AndroidManifest.xml:24:22-76
16    <uses-permission android:name="android.permission.RECEIVE_BOOT_COMPLETED" />
16-->[androidx.work:work-runtime:2.11.1] AndroidManifest.xml:25:5-81
16-->[androidx.work:work-runtime:2.11.1] AndroidManifest.xml:25:22-78
17
18    <permission
18-->[androidx.core:core:1.17.0] AndroidManifest.xml:22:5-24:47
19        android:name="com.example.pract_9.DYNAMIC_RECEIVER_NOT_EXPORTED_PERMISSION"
19-->[androidx.core:core:1.17.0] AndroidManifest.xml:23:9-81
20        android:protectionLevel="signature" />
20-->[androidx.core:core:1.17.0] AndroidManifest.xml:24:9-44
21
22    <uses-permission android:name="com.example.pract_9.DYNAMIC_RECEIVER_NOT_EXPORTED_PERMISSION" />
22-->[androidx.core:core:1.17.0] AndroidManifest.xml:26:5-97
22-->[androidx.core:core:1.17.0] AndroidManifest.xml:26:22-94
23
24    <application
24-->src\main\AndroidManifest.xml:7:5-32:19
25        android:name="com.example.pract_9.MyApplication"
25-->src\main\AndroidManifest.xml:8:9-38
26        android:allowBackup="true"
26-->src\main\AndroidManifest.xml:9:9-35
27        android:appComponentFactory="androidx.core.app.CoreComponentFactory"
27-->[androidx.core:core:1.17.0] AndroidManifest.xml:28:18-86
28        android:dataExtractionRules="@xml/data_extraction_rules"
28-->src\main\AndroidManifest.xml:10:9-65
29        android:debuggable="true"
30        android:extractNativeLibs="false"
31        android:fullBackupContent="@xml/backup_rules"
31-->src\main\AndroidManifest.xml:11:9-54
32        android:icon="@mipmap/ic_launcher"
32-->src\main\AndroidManifest.xml:12:9-43
33        android:label="@string/app_name"
33-->src\main\AndroidManifest.xml:13:9-41
34        android:roundIcon="@mipmap/ic_launcher_round"
34-->src\main\AndroidManifest.xml:14:9-54
35        android:supportsRtl="true"
35-->src\main\AndroidManifest.xml:15:9-35
36        android:testOnly="true"
37        android:theme="@style/Theme.Pract_9" >
37-->src\main\AndroidManifest.xml:16:9-45
38        <service
38-->src\main\AndroidManifest.xml:17:9-20:34
39            android:name="androidx.work.impl.foreground.SystemForegroundService"
39-->src\main\AndroidManifest.xml:18:13-81
40            android:directBootAware="false"
40-->[androidx.work:work-runtime:2.11.1] AndroidManifest.xml:48:13-44
41            android:enabled="@bool/enable_system_foreground_service_default"
41-->[androidx.work:work-runtime:2.11.1] AndroidManifest.xml:49:13-77
42            android:exported="false"
42-->[androidx.work:work-runtime:2.11.1] AndroidManifest.xml:50:13-37
43            android:foregroundServiceType="dataSync" />
43-->src\main\AndroidManifest.xml:19:13-53
44
45        <activity
45-->src\main\AndroidManifest.xml:21:9-31:20
46            android:name="com.example.pract_9.MainActivity"
46-->src\main\AndroidManifest.xml:22:13-41
47            android:exported="true"
47-->src\main\AndroidManifest.xml:23:13-36
48            android:label="@string/app_name"
48-->src\main\AndroidManifest.xml:24:13-45
49            android:theme="@style/Theme.Pract_9" >
49-->src\main\AndroidManifest.xml:25:13-49
50            <intent-filter>
50-->src\main\AndroidManifest.xml:26:13-30:29
51                <action android:name="android.intent.action.MAIN" />
51-->src\main\AndroidManifest.xml:27:17-69
51-->src\main\AndroidManifest.xml:27:25-66
52
53                <category android:name="android.intent.category.LAUNCHER" />
53-->src\main\AndroidManifest.xml:29:17-77
53-->src\main\AndroidManifest.xml:29:27-74
54            </intent-filter>
55        </activity>
56        <activity
56-->[androidx.compose.ui:ui-test-manifest:1.9.2] AndroidManifest.xml:23:9-26:79
57            android:name="androidx.activity.ComponentActivity"
57-->[androidx.compose.ui:ui-test-manifest:1.9.2] AndroidManifest.xml:24:13-63
58            android:exported="true"
58-->[androidx.compose.ui:ui-test-manifest:1.9.2] AndroidManifest.xml:25:13-36
59            android:theme="@android:style/Theme.Material.Light.NoActionBar" />
59-->[androidx.compose.ui:ui-test-manifest:1.9.2] AndroidManifest.xml:26:13-76
60        <activity
60-->[androidx.compose.ui:ui-tooling-android:1.9.2] AndroidManifest.xml:23:9-25:39
61            android:name="androidx.compose.ui.tooling.PreviewActivity"
61-->[androidx.compose.ui:ui-tooling-android:1.9.2] AndroidManifest.xml:24:13-71
62            android:exported="true" />
62-->[androidx.compose.ui:ui-tooling-android:1.9.2] AndroidManifest.xml:25:13-36
63
64        <provider
64-->[androidx.work:work-runtime:2.11.1] AndroidManifest.xml:29:9-37:20
65            android:name="androidx.startup.InitializationProvider"
65-->[androidx.work:work-runtime:2.11.1] AndroidManifest.xml:30:13-67
66            android:authorities="com.example.pract_9.androidx-startup"
66-->[androidx.work:work-runtime:2.11.1] AndroidManifest.xml:31:13-68
67            android:exported="false" >
67-->[androidx.work:work-runtime:2.11.1] AndroidManifest.xml:32:13-37
68            <meta-data
68-->[androidx.work:work-runtime:2.11.1] AndroidManifest.xml:34:13-36:52
69                android:name="androidx.work.WorkManagerInitializer"
69-->[androidx.work:work-runtime:2.11.1] AndroidManifest.xml:35:17-68
70                android:value="androidx.startup" />
70-->[androidx.work:work-runtime:2.11.1] AndroidManifest.xml:36:17-49
71            <meta-data
71-->[androidx.emoji2:emoji2:1.4.0] AndroidManifest.xml:29:13-31:52
72                android:name="androidx.emoji2.text.EmojiCompatInitializer"
72-->[androidx.emoji2:emoji2:1.4.0] AndroidManifest.xml:30:17-75
73                android:value="androidx.startup" />
73-->[androidx.emoji2:emoji2:1.4.0] AndroidManifest.xml:31:17-49
74            <meta-data
74-->[androidx.lifecycle:lifecycle-process:2.10.0] AndroidManifest.xml:29:13-31:52
75                android:name="androidx.lifecycle.ProcessLifecycleInitializer"
75-->[androidx.lifecycle:lifecycle-process:2.10.0] AndroidManifest.xml:30:17-78
76                android:value="androidx.startup" />
76-->[androidx.lifecycle:lifecycle-process:2.10.0] AndroidManifest.xml:31:17-49
77            <meta-data
77-->[androidx.profileinstaller:profileinstaller:1.4.0] AndroidManifest.xml:29:13-31:52
78                android:name="androidx.profileinstaller.ProfileInstallerInitializer"
78-->[androidx.profileinstaller:profileinstaller:1.4.0] AndroidManifest.xml:30:17-85
79                android:value="androidx.startup" />
79-->[androidx.profileinstaller:profileinstaller:1.4.0] AndroidManifest.xml:31:17-49
80        </provider>
81
82        <service
82-->[androidx.work:work-runtime:2.11.1] AndroidManifest.xml:39:9-45:35
83            android:name="androidx.work.impl.background.systemjob.SystemJobService"
83-->[androidx.work:work-runtime:2.11.1] AndroidManifest.xml:40:13-84
84            android:directBootAware="false"
84-->[androidx.work:work-runtime:2.11.1] AndroidManifest.xml:41:13-44
85            android:enabled="@bool/enable_system_job_service_default"
85-->[androidx.work:work-runtime:2.11.1] AndroidManifest.xml:42:13-70
86            android:exported="true"
86-->[androidx.work:work-runtime:2.11.1] AndroidManifest.xml:43:13-36
87            android:permission="android.permission.BIND_JOB_SERVICE" />
87-->[androidx.work:work-runtime:2.11.1] AndroidManifest.xml:44:13-69
88
89        <receiver
89-->[androidx.work:work-runtime:2.11.1] AndroidManifest.xml:54:9-59:35
90            android:name="androidx.work.impl.utils.ForceStopRunnable$BroadcastReceiver"
90-->[androidx.work:work-runtime:2.11.1] AndroidManifest.xml:55:13-88
91            android:directBootAware="false"
91-->[androidx.work:work-runtime:2.11.1] AndroidManifest.xml:56:13-44
92            android:enabled="true"
92-->[androidx.work:work-runtime:2.11.1] AndroidManifest.xml:57:13-35
93            android:exported="false" />
93-->[androidx.work:work-runtime:2.11.1] AndroidManifest.xml:58:13-37
94        <receiver
94-->[androidx.work:work-runtime:2.11.1] AndroidManifest.xml:60:9-69:20
95            android:name="androidx.work.impl.background.systemalarm.RescheduleReceiver"
95-->[androidx.work:work-runtime:2.11.1] AndroidManifest.xml:61:13-88
96            android:directBootAware="false"
96-->[androidx.work:work-runtime:2.11.1] AndroidManifest.xml:62:13-44
97            android:enabled="false"
97-->[androidx.work:work-runtime:2.11.1] AndroidManifest.xml:63:13-36
98            android:exported="false" >
98-->[androidx.work:work-runtime:2.11.1] AndroidManifest.xml:64:13-37
99            <intent-filter>
99-->[androidx.work:work-runtime:2.11.1] AndroidManifest.xml:66:13-68:29
100                <action android:name="android.intent.action.BOOT_COMPLETED" />
100-->[androidx.work:work-runtime:2.11.1] AndroidManifest.xml:67:17-79
100-->[androidx.work:work-runtime:2.11.1] AndroidManifest.xml:67:25-76
101            </intent-filter>
102        </receiver>
103        <receiver
103-->[androidx.work:work-runtime:2.11.1] AndroidManifest.xml:70:9-80:20
104            android:name="androidx.work.impl.diagnostics.DiagnosticsReceiver"
104-->[androidx.work:work-runtime:2.11.1] AndroidManifest.xml:71:13-78
105            android:directBootAware="false"
105-->[androidx.work:work-runtime:2.11.1] AndroidManifest.xml:72:13-44
106            android:enabled="true"
106-->[androidx.work:work-runtime:2.11.1] AndroidManifest.xml:73:13-35
107            android:exported="true"
107-->[androidx.work:work-runtime:2.11.1] AndroidManifest.xml:74:13-36
108            android:permission="android.permission.DUMP" >
108-->[androidx.work:work-runtime:2.11.1] AndroidManifest.xml:75:13-57
109            <intent-filter>
109-->[androidx.work:work-runtime:2.11.1] AndroidManifest.xml:77:13-79:29
110                <action android:name="androidx.work.diagnostics.REQUEST_DIAGNOSTICS" />
110-->[androidx.work:work-runtime:2.11.1] AndroidManifest.xml:78:17-88
110-->[androidx.work:work-runtime:2.11.1] AndroidManifest.xml:78:25-85
111            </intent-filter>
112        </receiver>
113
114        <service
114-->[androidx.room:room-runtime-android:2.7.0] AndroidManifest.xml:24:9-28:63
115            android:name="androidx.room.MultiInstanceInvalidationService"
115-->[androidx.room:room-runtime-android:2.7.0] AndroidManifest.xml:25:13-74
116            android:directBootAware="true"
116-->[androidx.room:room-runtime-android:2.7.0] AndroidManifest.xml:26:13-43
117            android:exported="false" />
117-->[androidx.room:room-runtime-android:2.7.0] AndroidManifest.xml:27:13-37
118
119        <receiver
119-->[androidx.profileinstaller:profileinstaller:1.4.0] AndroidManifest.xml:34:9-52:20
120            android:name="androidx.profileinstaller.ProfileInstallReceiver"
120-->[androidx.profileinstaller:profileinstaller:1.4.0] AndroidManifest.xml:35:13-76
121            android:directBootAware="false"
121-->[androidx.profileinstaller:profileinstaller:1.4.0] AndroidManifest.xml:36:13-44
122            android:enabled="true"
122-->[androidx.profileinstaller:profileinstaller:1.4.0] AndroidManifest.xml:37:13-35
123            android:exported="true"
123-->[androidx.profileinstaller:profileinstaller:1.4.0] AndroidManifest.xml:38:13-36
124            android:permission="android.permission.DUMP" >
124-->[androidx.profileinstaller:profileinstaller:1.4.0] AndroidManifest.xml:39:13-57
125            <intent-filter>
125-->[androidx.profileinstaller:profileinstaller:1.4.0] AndroidManifest.xml:40:13-42:29
126                <action android:name="androidx.profileinstaller.action.INSTALL_PROFILE" />
126-->[androidx.profileinstaller:profileinstaller:1.4.0] AndroidManifest.xml:41:17-91
126-->[androidx.profileinstaller:profileinstaller:1.4.0] AndroidManifest.xml:41:25-88
127            </intent-filter>
128            <intent-filter>
128-->[androidx.profileinstaller:profileinstaller:1.4.0] AndroidManifest.xml:43:13-45:29
129                <action android:name="androidx.profileinstaller.action.SKIP_FILE" />
129-->[androidx.profileinstaller:profileinstaller:1.4.0] AndroidManifest.xml:44:17-85
129-->[androidx.profileinstaller:profileinstaller:1.4.0] AndroidManifest.xml:44:25-82
130            </intent-filter>
131            <intent-filter>
131-->[androidx.profileinstaller:profileinstaller:1.4.0] AndroidManifest.xml:46:13-48:29
132                <action android:name="androidx.profileinstaller.action.SAVE_PROFILE" />
132-->[androidx.profileinstaller:profileinstaller:1.4.0] AndroidManifest.xml:47:17-88
132-->[androidx.profileinstaller:profileinstaller:1.4.0] AndroidManifest.xml:47:25-85
133            </intent-filter>
134            <intent-filter>
134-->[androidx.profileinstaller:profileinstaller:1.4.0] AndroidManifest.xml:49:13-51:29
135                <action android:name="androidx.profileinstaller.action.BENCHMARK_OPERATION" />
135-->[androidx.profileinstaller:profileinstaller:1.4.0] AndroidManifest.xml:50:17-95
135-->[androidx.profileinstaller:profileinstaller:1.4.0] AndroidManifest.xml:50:25-92
136            </intent-filter>
137        </receiver>
138    </application>
139
140</manifest>